An Nc
R Nc Punct
Am Nc Cp Af Nc Punct
R Nc R Nc Punct Nc Cp Nc Punct
Nc Punct
Nc R Nc Punct
Nc R Nc Punct
Cp Pn Nc R Nc Punct
Cp Pn Nc Dl Punct
Cp Pn Nc Cp Nc R Af Nc Cp R An Nc Punct
Vni Nc Punct Pr Vxi Vpi Tx Vpp Punct
Vni Nc Punct Pr Vxi Vpi Tx Vpp Punct
Dd R Mc Nc Punct R Pr Tn Vpi Tx Vpi Pn Punct
Cs Vni Nc Dl Punct Tx Vpp Nc Punct
Cs Vni Nc Dl Punct Tx Vpp Nc Punct
Cs Nc R Nc Punct Tx Pp R Nc R Nc R R Punct R Nc Punct R Nc Punct Te R Nc R Nc Punct Pr Pp Vpi Nc Punct
Vpi Dd Mc Punct Pp Punct
Pi Punct
Pc Nc Vpi Nc Punct
Pd Vxi Nc R Nc Punct Pp Vxi Am Nc Cp Vni Tx Vpp Nc R Ps Nc Punct
Vpp Pp R Nc Punct Np Punct Af Cp Af Nc Punct
R Nc Vxi Nc Punct
Cc Nc Tn Vpi Tx Vxi Pc Punct
Nc Vni Tx Vyp Af Punct Tx Vyp Af Punct
Dq Vpi R A Nc Cp Vpi Nc R Nc Punct
Vni Nc Cp Vpi Nc Punct R Pr Tx Vpi Nc Ps Punct
Pn Punct R Mc Nc Nc R Nc Punct
Cp Mc Nc R Pc Nc Vpi Nc Punct
Nc Vpp Dm Cp R Nc R Af Nc Punct
R Nc Punct Nc Punct Nc Punct Nc Punct Nc Cp Nc R Nc Punct
Nc Tn Vxi Pn Am Punct
Af Nc Punct Cp Vpi Dt Tx Vpp R Nc Cp Nc Punct
Vni Tx Vpp Nc Nc Punct Tx Vpp Pc A A Nc Punct
Cp Cs Pp Vpp Punct Tx Pp Vpp R Dq Nc A Punct R Dq Nc A Punct
Nc Vxi Af Nc Punct
Tx Vpp Cp Vpp Nc R A Nc Punct Tx Vpp Pc Ps Nc Punct Cc Tx Vni Tx Pp Vpi Dt Cp Dt Punct
Tx Vpp Nc R Nc Punct Cs Vpp Nc Ps Punct
Cp Tx Vpi R A Nc R Pf An Punct
Tx Pp Vpi R A Nc Cp Tx Pp Vpp R An Nc Punct
Dq Pd Tx Pp Tx Vpi Tx Pp Vpi R Nc Cp Nc Punct
Cc R Nc Vni Tx Vpp R Am Ps Nc Punct
Nc Vxi Punct
Nc Vni Tx Vpp Punct
Punct Dl Punct Pp Vpp Nc R Nc Cp Vpp Punct
Punct Tx Vyp Nc Punct
Cp R Nc Punct
Mc Nc Tx Vpp Np R Nc Mo Nc Punct Pr Nc Tx Vyp Vpp Punct
Pd Vpi Nc R A Nc Punct Vpp R Nc Dt Punct
R An Nc Te Tx Vpp Nc R Nc Cp Nc Punct
R Nc Vpi Tx Vpi Cp Nc Punct
Nc Vpi Nc R Nc
R Nc R Nc Cp Np Pp Vpi Tx Vpi R Nc R Nc R Nc R A A Nc Punct
R Nc Nc R Nc R Punct Nc Punct Vpi Nc Punct
Pp Dd Vni Nc Tx Vpi R An Ps Nc Cp R Pd Pp Vpi Np Punct
Hm Te Vpi Nc Tx Vxi Dq R Ps Nc Punct
Cp Nc Punct Cp Nc Tx Vpi Nc R A Nc Vpp R Am Nc Dt Punct
Nc Vpi R Mc Punct Mc Nc R Np
Vpp Pp Am Nc Vpp R Mc Punct Mc Nc R Np R Nc Ps R Nc Punct
Punct Vpp Np Punct Np Punct Np Cp Np Punct
R Nc Tn Vxi Dq R A Nc R A Nc Punct
Am Vxi R Nc Punct Pr Vpi Am Nc Cp Vpi Tx Vpp Pc Nc Punct Pr Vxi Vpp Punct Vpp R Punct Np Punct Nc R Nc Np Punct
Punct Vpi Pf Nc R Nc R Nc Punct
Np Pp Vpp R Nc R Np
Am Nc Np Vpp Am R Nc R Nc R Nc Punct Vpp R Mc Punct Mc R Ps Punct
Punct Vpi Nc Punct Punct
Punct R Nc Vpi Af Nc R Cs Pp Vpi R Pc Nc Tx Vpi Dd R Mc Punct
Am Vxi R Nc R Punct Np Punct Am Hm Cp Hm Punct
R Nc Pp Vpi Nc Punct Cs Tn Vxi Nc R Punct Np Punct Punct
Vpi Punct Cs Pp Vpp Punct Cs Pp Vpp R Nc Punct
Vpi Punct Cs Nc R Nc R Nc R A Nc Cp Nc
Punct Vpp Hm Punct
Pd Punct Pr Vpp Mo Ps Nc R Np Punct Vxi Vpp Punct
Am Vxi R Nc Punct Cc Tn Vxi Dm Punct Cs Vxi Vpp Punct
R Pp Vni Nc Pi Pp Vpi R Nc Punct
An Vxi Tx Vpi Punct Pd Vxi Nc Punct
R Np Vpp Punct Cs Vpi Nc R Nc R Np R Mo Nc Punct Cc Dq Vni Pn An Punct
Dm Np Pp Vpp R Mc Nc R Af Nc R Np Cp Dt Vxi Vpp Punct
Hm Vpi R Np Nc R Nc
Nc Tx Vpp R Am Nc Tx Vpp R Af Nc R An Nc R Nc Ps Punct
Nc Vxi Tx Tn Pp Vpp Nc Ps R A Punct A R Pp R Nc Punct
Pd Vpp Nc Hm R Af Nc R Mo Nc R Nc R An Nc R Af Nc Punct Np Punct Punct Pr Pp Vpp R Np Dt Punct
Np Vpi Cp R Nc R Am Nc Punct Vpp R Nc R Np R Np Punct
R Pp Pc Nc Nc Pp Vpi Dm Dd Ps Nc Punct Vpp Dq Hm Punct
Nc R Np R Np Vxi Np Punct Np Punct Np Punct Np Punct Np Cp Np Punct
Nc R Nc Vpp Nc Mc R Nc
Nc R Nc R Np Vpp R Mc Nc Dt Punct Cs Vpp Nc R Nc Mc R Nc Punct Mc Nc Punct Punct Vpp Np Punct
Vpi Pp Nc R Nc R A Nc Tx Vpp R Nc Cp R Pp Punct Vpi Ps Nc Punct
Nc R Nc Vxi Vpp R Nc R A Nc R Nc R Nc Punct Pr Vpi Punct Cs Nc R Nc R Np Vxi Vpp R Am Nc Punct
Nc R Nc Cp Nc R Nc Vxi Pp Vpp Dq Punct Cc Nc Pp Vpi R Nc R Nc Punct Cs Pd Cp Af Nc R Np Pp Vpi A R A Nc Punct
 
R Pp A Nc R R Nc Ps R Nc Vxi Dq A Cp Np Vxi Vpp Pp Tx Vpp R Mc Nc Punct
Tn Vxi Af Nc Cp Tn Vpi A Nc Punct Vpp Nc Np Hm R Am Ps Nc R Nc R Np Punct
Nc R Ps Nc R A Nc Vxi Tx Vpi Nc R Pp R Vpi Af Nc Punct
Nc R Nc Vxi Af R Pd Tx Vxi Nc Punct Nc Cp Nc R A Nc R Nc Ps Tx Vpi A Nc Punct
R Tx Vpi R Np Punct Hm Pp Vpp Cp R Np Punct Am Nc Cp Nc Punct
Vpi Nc Vni Tx Vpp R Nc R Nc Punct
R Pd Nc Pp Vpi Np Punct Nc Cp Nc Hm Punct
Nc Dd Vxi An R Nc Punct
Nc Dd Vpi Nc R Nc Punct Pr Vpi Nc R Nc Punct Vpp Dq Hm Punct
R Nc Tx Vpi Hm
Nc R Nc Pp Vpp Punct Cs Vxi Punct
Pd Punct Pi Vxi Vxi Nc R Af Af Nc Punct Vpp R Nc Dt Punct
Pd Vpp Nc R Nc R Nc Np Tx Vpp Nc Nc R An Nc Punct
Mo Mc R Nc R Nc Pp Tv Vpp Punct Cs Tn Vxi Vxi Vpp Punct R Tx Vpp Punct Vpp Hm Punct
Pd Vxi Np Punct Np Punct Np Punct Punct Np Cp Np Punct
Nc R Hm Cp Nc R Nc R Np Vxi Vpp R Am Am Nc Np R Mc Nc R Nc R Nc R Nc Punct
Pd Nc R Np R Nc R Nc R Vpp Nc Punct Pr Nc Tn Vxi Vpp Punct
Pd Nc R Hm Dm Vpp Punct
Np Pp Vpp R Nc Tx Vpp Nc R Hm R An Nc Cp Nc Punct
R Nc R Np Hm Vpp Nc R Nc Punct
Np Vpp Nc Punct
Vpp Pp Punct Cs Mc Nc R Np Punct Vpi Punct R Nc Punct Pr Pp Vpp R Np Hm Punct
 
Cs Pp Vpi Punct Cs Pp Vni Tx Pp Vpp R Pp Punct Md Pp Vpi Punct Vpp Hm R Nc R Punct Np Punct Mc Punct Pr Pp Vpp Pi Pp Vxi Nc Punct
Nc Vpp Nc R Hm Punct Pr Vpi Nc R Nc Punct Vxi Vpp R A Nc Punct Cp Nc Ps R Np R Nc R Nc Vxi An Punct
R Nc R Nc Np Pp Vpp Punct Cs Mc Nc R Nc R Am Nc Cp Vpi Tx Pp Vpi Pi Pi Vxi Vpi Punct
R Nc R Np
Nc R Nc R Punct Np Punct Pr Vxi Vpp R Nc R Nc R Np Punct Vpp R Nc Cp Dt Punct
Pp Tn Vxi Vpp A Nc R Am Nc Punct
Nc Dd Tn Vpi Tx Pp Vpp Punct Cs Nc R Nc Vxi R Nc Punct Cs Pp Vpi Nc R Nc R Nc Punct
Vpp Nc Af Nc Vpp Nc Ps R Nc Punct Cs Vxi Vpp Af Nc Punct
Dt Dd Mc Nc Vpp Nc R Nc Punct
R Pf Nc Punct Np Punct Vpp Mc Nc A Nc R A Nc Punct
Np Pp Vpp R Nc
Np Vpp R Nc R Np Punct Vpp Pp R Nc Nc Cp Nc Dm Mc Punct Vpp R Np Punct
R Nc Nc Punct Vpp R Am Nc Punct Pp Vpi R Nc Punct
Nc Vpp R Nc Cp Vpp R Nc Punct
Pd Dd Vxi Vpi Tx Vpi Mc Nc Punct Pr Pp Vpi R A Nc Punct
Mc Nc Cp Nc Vxi R A Nc Cp Vpp Nc Punct
R Nc Vxi Vpp Am Nc Vpi R Nc Punct
Vpp Pp Punct Dd R Nc Punct
Hm Tx Tn Pp Vpi R Nc R Np
R Nc Vpp R Np Punct Vpp Dt Punct
Cs Nc R Nc R Nc Vpi A A Nc R Nc Hm Punct Pd Am Nc R A Nc Cp Nc R An Nc Punct Nc Ps R Nc Vpi Ti Punct Vpi Punct
Cs Nc R A Nc Vxi Vpp Nc R A Ps Nc Punct Dt Vxi Af Nc Punct
 
Dq Dm Vxi Dd Punct Pr Tx Pp Vpp R Nc Punct Cs Tn Vpi Pn Nc Punct
Pi Pd Pp Vpi R Nc Tx Vpp R Nc Punct
Dt Punct Dd Vxi Vpi Tx Vpp Nc R Nc Ps Punct Vpp R Nc Punct
Dt Punct Tm Te Tx Vxi Vxi Vpp R Nc R Nc Punct
Pd Nc Tn Vxi Vpp R Hm Punct
Dt Cp Dt Punct Cs Tn Pp Vxi Vpp R Nc R Nc R Np Punct
Ti Np Vpi A Nc Cp An Nc R Nc Punct
Nc Punct
R Ps Nc Punct Vpi Ti Nc Punct
Np Punct Mc Nc Punct Punct Nc Punct Np Punct
Punct Vpi Pp Tx Pp Vpi Dq An Cp Tx Tn Pp Vpi Md R Nc Ps Punct
Np Hf Punct Mc Nc Punct Punct Np Punct Np Punct
Punct Np Punct
Cc Pr Nc Vpp Punct Tx Pp Vpp Dq Punct
Pd Dt Vpi R Nc R Pc Punct
Np Punct Mc Nc Punct Punct Nc Punct Np Punct
Punct Vpi Pp Dd R Nc R A Nc Punct
Vpp Pp R Mc Nc Tx Vpp Punct Cs Pp Vpp Punct Cp R Pd Vpi A Nc Punct
Np Punct Mc Nc Punct Punct Nc Punct Np Punct
Cc Cs Vpp Nc Punct Vxi Vpp Punct
Vpi Punct Cs Pd Nc Tx Pp Vpp Tx Pp Vpp Pi Tx Vpp Nc Punct
Np Hf Punct Mc Nc Punct Punct Nc Punct Np Punct
Punct Ta Punct Nc Punct
Cc Nc Punct Cs Vpp Nc R Nc Punct Vxi Md Am Punct Cs Pd Vpi Nc R Ps Nc Punct
Np Punct Mc Nc Punct Punct Nc Punct Np Punct
Punct Tn Punct
Cc Cs Vpp Pd Nc Punct Vxi Vpp Punct
Cs Pp Vpp Dd R Mc Nc Punct Vxi Vpp Tx Vpp Dt Punct
Np Punct Mc Nc Punct Punct Nc Punct Np Punct
Punct Vpi Pp Punct Cc R Nc R Mc Nc Tn Vpi Md Punct
Vpi Pp Dd Tx Vni Nc R Pd R Mc Nc Punct
Np Punct Mc Nc Punct Punct Nc Punct Np Punct
Punct Ta Punct Nc Punct
Vpi Tx Tn Vpi Md Nc Punct Cs Tn Vpi Md Punct
Np Hf Punct Mc Nc Punct Punct Nc Punct Np Punct
Punct Vpi Pp Punct
Pd Nc Dd Vxi Vpp R Ps Nc R Nc Punct Pr Dm Tx Vxi R Nc Ti Vpi Nc Cp Tn Punct
Np Punct Mc Nc Punct Punct Nc Punct Np Punct
Punct R Nc Tn Vpi Md Nc Punct
R Pd Nc Tn Vxi Vpp Punct Cc Tn Vxi Vpp R Pd Pf Punct
Np
Nc R Nc R Np
R Af Nc Vpi Nc Punct Nc Cp An Nc R Nc Punct
Pd Pp Vpi R Am Nc R Am Nc R Nc R Mo Nc Punct Vpp R Np Punct
R Nc Af Nc Vpp Nc R Mc Nc Punct R Pr Pp Vpi Nc R Nc R Mc Nc R Nc Punct Pr Vni Tx Vpp R Nc R Mo Nc Punct
Af Nc R Pd Nc Vpi Dd R Nc Punct Vpi Nc R Nc Punct
Hm Vpp R Mc Nc R Np
Nc Np Vpi R Nc R Nc Np R Mc Nc R Nc Np Punct
Pd Vpp Am Nc Np R Nc R Dm Vpp Nc R An Nc R Nc R Nc R Nc Punct
Nc Vpp Nc R Mc Nc R Nc Dt R Mc Nc Punct Pr Vpi R An Nc R Nc Punct Tx Vpp Pi Tn Vxi Vpp Am Nc Punct Pr Vpp R Nc R Nc Punct
Vpi Tx Vpp A R Pi Nc Cp Nc Vxi Vpp Pd Nc Tx Vpp Punct Cs Tx Vpp Nc R Nc R Nc R Nc
Punct Vpp R Nc Punct
R Nc R Np Tx Vyp A R Nc Cp R Nc Punct Vpp R Nc Punct
Nc R Pp Vpi R Mc Nc R Nc R Nc Punct
Np Vpp Punct Np Punct Punct Np Punct R Nc R Punct Np Punct
Np Punct Punct Np Punct Vxi Vpp Nc R Nc R Nc R Nc R Np Punct Punct Np Punct Punct Vpp Dm R Am Nc Punct
Mo Nc Vxi Am Nc Punct Mc Nc Punct R Af Nc Punct
Nc Vxi Vpp Pd Nc R Nc R Punct Np Punct Punct
Am Nc R Punct Np Punct Vpp R Nc R Np Dq Md Punct Np Punct Nc Punct Tx Vxi Nc R Mo Nc Punct
Nc R Np Cp Np Np Vpp R Nc R Punct Np Punct Np Punct Np Punct Punct Np Punct Punct
Dm Dq Ti Vni Tx Pp Vpp
Punct Tn Vpp Nc Ps Nc Punct
Punct An Vxi Tx Tn Pp Vpp Nc R Nc Punct Pr Vpp R Nc R Punct Np Punct Punct
Dq Dt R Pd Nc R Nc Vpi R Nc
Punct Vpp Pp Punct
Nc Punct
Punct Vpp Vxi R Nc R Np Np Hm Punct
Punct Vpi Tx Pp Vpp A Nc Punct
R Am Nc Vxi Am Nc R Punct Np Punct Np Punct Pr Vpp R Nc R Nc R Punct Np Punct Punct
R Nc Pp Vpp R Nc R Nc Punct
Punct Nc Hm Punct Am Ti Vxi R Nc Punct
Punct Dq Punct
R Pc Nc Punct Cs R A Nc R Np Punct
Punct Af Nc Vxi Np Punct Punct Np Punct Punct
Pi R Mc Nc Vxi Vpp R Pp Punct
Punct Np Punct Vxi Nc R Punct Np Punct Punct
Punct Nc R Nc Pp Vpi R Af Nc R Nc R Pp Punct
Punct Pp Tx Pp Vxi Nc Punct
Punct Dt Pp Vpp Punct Cs R Nc Tx Vpi Am Nc R Np Punct
Punct Vni Tx Vpi Nc Punct Pr Dt Pp Vpi R Nc Punct
Punct Nc R Np Tx Vpp Ps Nc R Np Punct
Pd Vpi Ti Punct Cs Tx Vpp Cp A Nc R Np Punct
Dt Vxi Vpp Punct Cs Nc Vni Tx Vxi Vpp R A Nc Punct Tx Vpi Punct
Pd Vni Pn An R Nc Punct Pr Vpi Np Punct
Punct Pi Tx Vpp R Pd Nc Punct
Punct Nc Vxi Tx Vpi Nc Tn Dd R A Nc Punct Cp Cp R Af Nc Punct
Mc Nc R Np Vpi Punct
Mc Nc R Am Nc R Np R Nc Tx Vpp Nc Ps R Nc R Nc R Nc Cp Nc Punct
Dd Nc R Np Punct Np Cp Np Tx Vpp R Nc Punct
Pd Nc Pp Vpi Cp Nc R Punct Np Punct Punct Pr R Nc Vpp Nc Ps R Punct Np Punct Punct Np Punct R Nc Punct Np Punct R Mc Punct Mc Punct
Vpp Np
Vpp Pp Nc
Vpi Pp Tx Vpp Nc R Nc Cp Tx Pp Vpi R Nc Cp Nc Ps Punct
R Nc Pp Vpp R Af Punct Np Punct Np Cp Np Punct Cs Pp Vpp Tx Vpp Am Ps Nc R Nc Punct
Tn Pp Vpi Punct Cs Nc Pp Vpi R Nc Punct Dm Pp Vpp Cp Dd Nc R Ps Nc Punct
Cs Nc R Pp Vxi Vpp Cp Vpp R Nc Cp Nc Punct Pp Tx Vpp Nc R Nc Punct R Ps Nc Cp Nc Dt Tx Pp Vpp R Nc Punct Nc Cp A Nc Punct
Dd Tx Vpp Punct Cs Vxi Dm Punct Cc Vni Tx Vpi Nc Tx Vpi Nc Ps R Ps Nc Punct
R A Nc Nc Dd Vni Tx Vyp R Nc Ps Punct Cp R Pd Nc Punct Cp Nc Ps Dt Tx Vxi Pp Vpi R Vpp Nc Punct R An Ps Nc Cp Nc Punct Cp R Cp R Pp Pp Tx Vpi Ps A Nc R Vpp R Pp Am Nc Punct
R Nc Ps R Pp Punct Cs Pp Vpp Cp R A Ps Nc R Am Cp A Nc R Nc Punct Cp R Af Ps Nc Punct Cs Pp Vpp Tx Pp Vpp R Nc Cp An Ps Nc Punct
Cs Pp Vpi A Punct Dm Tx Pp Vpp R Am Ps Nc Cp R An An Ps Nc Punct
Nc Dd Tx Pp Vpp Punct Cs Pd Vxi Nc Pp Vpi R Am Am Nc Punct Cs Pp Vpi R Pp Af Nc Punct
R Nc R Nc Tn Vxi Vpp Tx Vpi An Nc R Nc R Nc Cp Nc R Vpi R Am Nc Punct
R Nc R A A Nc Cp R Nc R Nc Tx Vpp An An Nc R Nc R R Mc Nc R Nc Punct Np Punct Punct
Dm Vxi Tx Pp Vpi Cp A Nc R Nc R Nc R Nc Punct R Pr Vxi Vpp Am Nc Cp Nc R Nc Punct
Nc Vxi Af Punct Cs Am Nc R Nc Pp Vpi Dt Nc Mc Nc Punct
Af Nc Vxi Vpp R Nc Ps R Nc Cp Nc Punct Vpi A Nc R Nc R Nc Pp Vpi R A A Nc Punct
Pd Punct Pr Vxi Vpp R Mc Nc Nc Punct Cp Af Ps Nc Vni Tx Pp Vpp R Mc Nc Punct
Nc R Vpp Vxi Nc R An Nc R Af Nc Punct Cs Np Punct Punct Nc R Nc R Mo Ps Nc Np Punct Dt Vpi Mc Nc Nc R Nc Punct
Nc Tn Vpi Tx Pp Vpp Punct Cs Ps Nc Vni Tx Vxi An Nc Punct
R Pd Nc Vxi Vpp R Nc R Np Punct
Punct Vpp Nc R Nc Punct
Punct Vpp Nc R A Nc Punct
R Nc R Nc R Np
Pd Nc Vni Tx Pp Vpi Dd Nc R Nc R Np Punct Np Punct
Nc Tx Pp Vpi R Nc Ps R A Nc Punct Vpp R Nc Punct
Nc R Nc Punct Pr Vpi Cp R Nc R Nc Punct Vpi Tx Vpp Nc Punct Np Punct Punct Vpi Nc Punct Np Punct Punct
R Mc Nc Tx Pp Vpp R Nc Ps R Nc Cp Nc Punct
Nc Vpi Mc A A Nc
R Nc Ps Punct Pr An Nc Vpi R Mo Nc Punct Vpi Mc A A Nc Punct Vpp Np Punct
Pc R Nc R Nc Vxi R An Nc Cp Vxi Vpp R Am Nc R Np Punct
R Pc Ps Nc Pp Pp Vpi R Nc Cp Nc R Am Nc R Am Nc R A Nc Punct
Dt Nc R Mc Nc Vxi Vpp R Nc Ps R Np R Nc R A Nc Punct
Nc Pp Vpi Nc R Mo Nc
Nc R Nc R Af Nc R Nc R Mo Nc Vpi Punct Cs R Nc R Nc Nc Pp Vpi Dm Punct Cs Nc R Nc R Nc Punct
 
Nc Nc A Cp A Punct Pr Tn Vxi Vpi A Nc R Md Nc Punct Tx Vpp Nc Ps Punct Vpp Np Dt Punct
Dq Tn Vxi Vpp A Nc R R Mc Nc Cp A Nc R Nc R Nc R Nc Punct Vpp Dq R Np Punct
Nc Vxi Punct Cs An Nc Pp Vpi R Nc R A Nc Punct Pr Tx Vpp Nc R Nc Punct
R Nc Vpi R A Nc R Nc
R Nc R Nc Mo Nc Nc Vpi R A Nc R Af Nc R Nc Punct Vpi Nc Punct
Nc Vpp Dt Nc R Np R Mo Nc Punct
Nc R Nc Vxi Nc R Nc Cp R A Nc Vpi Tx Pp Vpp R A A Nc Punct Vpp R Nc Punct
Am Nc R Am Am Mc Nc
Am Nc Punct Np Punct R Mc Nc Punct Nc R Punct Np Punct Punct Vpp Nc R Dt Punct Vpp Af Nc R Nc Cp Dt Punct
Nc Vxi Vpp Nc R Af Nc R Nc Cp Dq Pp Vpi Punct
Nc R Nc Vxi R Nc R Nc Np Punct R Nc Ps Punct
Am Nc R Nc R Nc Punct
R Nc R Nc R Af Nc R Nc R Nc Pp Vpi R Nc R Nc Punct
R Nc Vpi Cp R Nc Np Punct Np Punct Np Punct
Am Nc Dt Vxi Pi Tx Pp Vpp Md Nc R Nc R Af Nc Punct
Pd Vpp Nc R Nc R A Nc Punct Np Punct R Pp Nc R Nc Np Hm R Nc Ps Dt Punct
Dt Vxi Dm Np Tx Vpp Nc R Vpi Af Nc R Vpi Nc R Nc Punct Vpp Te Nc Punct
Pd Tx Vpp R Nc R Am Nc R Nc Ps Cp Tx Vyp Am Nc R Nc Punct R Nc Punct
Np Punct Np Punct R Np Punct Np Punct Vni Pn An R A Nc R A Nc Punct Np Punct Punct
Pd Vpp Dt Nc R Punct Am Am Nc Punct Np Punct R Pr Nc Pp Vpi R A Nc R Pp Punct
Nc Vxi Vpp Nc R Punct Np Punct R Punct Np Punct Punct Cs R Nc Ps Tn Vxi Vpp R Nc Punct Vpp R Am Nc R A Nc Punct
Am Punct Np Punct Vpi Dd Nc R Np Punct Vpp Nc Punct
Punct Np Punct Vpp R Af Nc A Nc Punct R Pr Vpi Punct Np Punct R Nc Punct
Nc Vxi Vpp A Nc Cp Dq Vpp Tx Vpi
Af Nc Vpp Punct Cs R Mo Nc R Mo Nc Nc Vxi Vxi Dq Mc Nc Punct
R Mo Nc Pp Tn Vpi An Nc Punct R Cs Vxi Af R Nc R Nc R Nc Punct
Vpi Nc Te Vpi Punct Cs Pd Nc R Nc Vxi Vni Tx Vxi Dm R Nc R Nc Punct
Cs Vpp Nc R Nc Vxi R Nc R Nc Punct
R A Nc Pp Vpi An Nc Punct Vpi Md Nc R Nc Punct Nc Ps Vpp A Nc Cp Vpi Md R Nc Punct
Pd Dd Vxi Dd R Nc
R Nc Nc R Pp Vxi Vpp R Dq An Nc R Nc Cp Nc R Nc Punct
Vpp Pp Cp Nc Punct Cp Nc Punct Cp Nc Tn Vpi Pn R Nc R An An Nc Punct
 
Nc
R A A Nc R Af Nc Nc Vpp R Nc Punct
Dd Pp Vpi Cp R Nc Punct Pr Vxi Vpp R Nc Punct
Cp Cs R Nc R Nc Mc Nc Pp Vpi Md R Mc Nc Punct R Nc R Mo Nc Pp Dt Pp Vpi R Mc Nc Punct Cs R Nc Vpi Nc Cp R A Nc Punct
Md Nc Cp Nc Punct Pr Vpi Punct Pp Vpi R Nc Punct Pd Nc R A Nc Pp Vpp Dm R Nc R Nc Punct
R Nc
R Nc R Am Am Nc R Mc Nc Dl Punct
R A Nc Nc Pp Vpp R Am Nc R Nc Punct Mc Nc Punct Punct Pr Vpi Cp R Nc R A Nc R Pp Punct
Nc R Mc Nc Vxi R R Mc Nc Punct
Nc Punct Nc Punct Nc
R A Nc R Nc R Nc R Nc R Nc R Nc R Nc Punct Af Nc Cp A Nc Punct R Af Nc Tn Pp Vpp Punct
R Nc Vxi Vpp Punct Nc Pp Vpi Punct Te Cp R Am Nc Nc Vpi Punct
R Nc R Nc Vpp Cp Nc R Nc R Nc Cp Nc R A Nc Punct
R Cp R An Punct An Nc Punct Cp Cp Pd Nc R Nc Af Nc Vnp Dm Dl Punct
Nc Vpp Nc R Nc R Nc Ps Punct
Nc R Nc Dm Pp Vpp Cp Nc R Pc Nc Cp A Nc Punct
Nc R Pf Nc Vpp Punct Cs Nc Tx Vpp Nc R Nc Punct Cc Pd Tn Pp Vpp Punct
Dt Pp Vpp Punct Cs Pd Nc Tx Vyp Vpp R Nc Punct Cc R Pd Dt Pn Tn Vpi Punct
R Nc Cp R Nc R Nc Ps R Am Ps Nc Punct
Af Nc Nc Tx Tn Vxi Am Vxi Dm Vpp Nc R Nc Punct Nc Punct Np Punct Nc Cp Nc Punct
Nc R An Vpp Dl Mc Nc R Nc Punct R Pr Nc Af Nc R Nc R Nc R Nc R Nc R R Mc Nc Dt Punct
R Nc Ps Mo Nc Nc Vxi Vpp Tx Vpp Cp Nc R Nc Punct Nc Punct Nc R Nc Punct Nc Punct R Nc Punct Nc Punct
Cp Pd Vxi Dm Punct Cs Af Nc Vxi Dq R Mc Nc Punct
Nc Pp Vpi R A Nc
R Pd Nc Vpi R A Nc Nc R A Nc Cp Af Np Punct Dd Cp R Np Punct
R A Mc Nc Nc R Nc R A Cp A Nc Pp Vxi Vpp R Am Nc Punct
Nc Vpp R A Nc Punct Np Punct Punct Vpp R Nc Np Punct
Nc R Nc Vxi R An Nc Punct Vpp R Nc Punct Punct
R Nc R Nc Pp Vpi Punct Cs Vpi Nc R Nc Punct
R Nc R Nc Dd Vpi R Nc Punct R Pc Vpp Nc R Nc Nc Mc Punct
Nc Vxi Nc Punct R Pr Vpi Md A Nc Punct
Dq R Nc R Nc Mc Nc Nc Vpi Punct Cs Np Vxi Nc R Pp Punct
R Mc Nc Nc Vpi R Nc R Nc Punct
Pd Nc Te Vpi Punct Cs Pp Vxi Pd Punct Pr Vpi Nc Punct
Dd R Nc Vxi Pd Punct Pr Vpi Punct Cs Nc Vxi Am Nc Punct
Dq Mc Nc Vpi Punct Cs Pp Vpi R Nc Punct
R Nc R Nc R Nc Tn Vxi Vpi Te Nc Tx Pp Vpp R Am Ps Nc Punct
R Mo Nc An Nc Punct Pr Vni Tx Vpi Nc Punct Vxi Tx Tn Vpi R A Ps Nc Punct
R Nc R Nc R Nc Ps R Np
Nc Vpp R Mc Nc
Nc Cp A Nc R Np Np Hm Vxi Vpp R Nc Np R Nc Nc Punct Vpp Np Punct
Am Nc Cp Nc R Af Nc Vxi Vpp R Mc Nc R Nc Ps R Nc Punct Np Punct Punct
Pp Vxi Vpp R Mc Nc R Nc Punct Np Punct Punct
Mc R Pp Vxi Vpp R Nc Punct
Nc Vpp R Nc Punct
R Nc Pp Pp Vxi Vpp R Np Punct R Pd Vpi R Np Punct
R A Nc Hm Vpp Md Am Nc Punct
Pp Vpi Nc R Af Af Np Punct
Vpi Pp Punct Cs Vpi Nc R Af Nc R Np Cp Np Punct
Np Punct Np Punct Vxi Nc R A Nc Punct Np Punct Punct
Vni Pp Punct Cs Nc R Nc Vni Tx Vxi R Nc R Nc Punct
R Np Punct Np Dd Vpp Am Nc R Nc Punct
Nc Vpi R Nc Punct Nc R Np Punct Cp R Nc Punct Nc R Np Punct
Nc Pp Vpi R Nc R Np Punct
Nc R A Nc Cp Nc
Nc R A Nc Cp Nc R Np Dt Punct Vpp Np Punct
Nc Vpp R Nc R Nc Mc R Nc Punct R Nc Punct R Mc Nc Punct
Vpp Cp Nc Vpi Punct
Nc Vxi Vpp R Nc R Af Af Nc R Nc Punct Np Punct Cp R Nc Punct Np Punct Punct
Nc R An An Nc Vxi Am Nc Punct
R Mc Nc Pp Vpp R Nc Nc R Pp R Nc R Nc Punct
Tn Vxi Vpi Nc
Punct Vpp Nc R Punct Np Punct Punct
R Nc R Nc R Np
Pc Nc R Nc R Nc R Nc Tx Vyp Vpp R Nc R Am Am Nc Punct Vpp Nc Ps Np Punct
Nc Vxi Nc R Np Punct Cs Dm Vxi Vxi Vpp R Nc Ps Punct
Nc Vxi Vpp Tx Pp Vpp Pi Pp Vxi Vpp R Nc R Punct Np Punct
Pd Vxi R Nc Punct Cs Vpp Am Nc Vpp R Am Nc R Nc Punct
Cs Tn Pp Vpp Np R Nc Punct Vpi Nc R Am Nc
R Af Nc R Ps Nc Vpi R Nc R Nc Punct
Te Punct Pf Vpi Tx Vxi Pp Vpp Punct
Md A Pf Dd Af Cp Af Nc R Nc R Nc Cp Nc R Af Nc R Am Nc Punct
 
Cs R An Ps Nc Nc Vpi Dm Cp R A Nc Punct
Pd Cp Pd R Mc Nc Dt Punct Pr Vpi An Nc Pp Vpi Punct Cs Vxi Am Tx Pp Vpp Punct
R Pd Pd Pd A Nc Tx Vpi Nc Punct Nc Cp Nc R Nc Punct Cs Vpi Nc R A Nc Punct
Cp Nc Ps R Pp Vxi Af Nc R Af Nc Punct R Nc Punct R Nc Cp Nc R Nc R Pf Nc Punct
Vni Pi Tx Pp Vpi Pd Pi R Nc R Nc Punct Pr Mc Nc R Nc Punct Vpi Pd Punct Pr Tn Dq Tn Vxi Vpp R An Nc Punct
Pf Tx Vpi R A Nc R Punct Np Punct Punct Nc R Nc Punct Np Hm Punct Vpp Hm Punct Vpp Pp R Am Ps Nc Punct R Pr Vpi Punct Nc R Np Punct Punct Punct Np Punct Punct Np Punct Punct Np Punct Np Punct Punct Np Punct Punct Np Punct Punct
Dm Vxi R Pd Nc Vxi Am Punct Np Punct Punct Np Hm Punct Am Punct Punct Np Punct Np Punct Punct Np Punct Np Punct Punct
R Af Nc R Nc Ps R Nc Pp Vpp Cp Nc Punct Pr Te Vxi Vpp R Af Nc Am Nc Nc Np Hm Punct Am Nc Np Hm Punct Nc Am Nc Np Punct Np Punct
Pf R A Cp A Nc Dq Dt Pp Vpp Punct
R Nc Cp Tx Pp Dm Pp Vpi Nc R Nc R A Nc Punct R Pr Vpp An Nc R Nc Punct
Nc Dd Vpi R Nc R Nc Ps R Am Nc Punct Vpp R Am Nc Punct Cs Tn Pp Vpi Punct Vni Tx Vpi Punct Vpi Pp Punct Punct
R Tx Pp Vpp Cp Nc Punct
Pp Nc Dm Vpi R Dm Af Nc Punct Pr Tm Dm Pd Punct Pr Pp Vpi A Nc R Nc R Nc Cp Nc Punct
Np Punct Mc R Mc Nc A Nc Punct Pp Vpi An R Nc R Nc Punct
Cc R Nc Dd Tx Pp Vpp Punct Cs Dq Dt Pd Dm Pp Vpp Punct Cs Vpp Nc R Vpi Pp Nc Punct Cs Pp Vpp Cp Nc Punct
R Nc Nc R Nc R Np Punct Vpp R Nc R Nc Punct Vpp R Nc Cp Nc R Nc R Af Nc R Nc R Nc R Nc Te Vpp R An Nc R Af Ps Nc Punct
R Nc R Nc Tx Pp Vpp An Ps Nc R A Nc Punct
Nc R Nc Cp R A A Nc Punct R Np Vpp Pd Punct
Nc R Nc Punct Pr Vpi Nc Punct R Nc Punct Np Punct Punct Vxi Dq An Punct Cp Pd Pp Vpi Punct
Vpi Pp A Nc Punct
Vni Cp A Nc Punct
Cp Pp Vxi Pd Punct Pr Vpi Nc Dt Punct
Pd Pf Punct I Punct Pp Vpp R Np Cp Nc Pp Vpi Punct
Pp Pp Vpp Punct Vpp Pp R Nc Cp Vpp Tx Pp Vpp Punct
Cs Pp Vpp Nc Punct Tx Pp Vpp Punct
Punct Vpp Pd Punct Hm Punct
Pd Nc Dd Vxi Vpp R Am Nc R Np Np Hm R Np Punct Pr Vpi Tx Vpi An Nc Punct
Dd R Nc Np Punct R Pr Pp Vpp R Punct Np Punct Punct
Pd Dd Pn Tn Pp Vpi R A Nc Punct Pr Vpi Nc Ps Pp R Nc Punct Pp R A Nc Punct Cs Tn Vpi Tx Vpp R Nc Ps Punct
Cp Pd Pc Vxi Dm Punct Pr Vpi Nc Punct Pp Vpi Nc R Nc Punct
Cp Cs Nc Vxi R Tn Dq R Nc Punct Cp R Am Nc Punct Pp Vxi R Pp Punct
