NNP NNP
NNP NNP NNP
FW FW FW FW FW .
FW FW FW FW , `` NFP ADD .
UH .
NFP NFP NFP .
NFP NFP NNP .
NFP NNP NFP NFP NFP .
NFP NNP NNP NNP .
NFP FW FW FW FW `` NFP FW FW FW FW FW .
FW FW , FW FW FW FW FW .
NFP FW , `` NFP FW FW FW .
NFP FW FW NFP , FW FW `` NFP NFP NFP CD .
NN NFP NN ADD , NFP NFP JJ .
NN NFP NN CD , NFP NFP ADD .
`` NFP NFP FW , NFP `` NN NFP CD NN NFP NFP , NFP FW , NFP FW , FW NFP FW FW FW , FW FW FW FW .
FW FW FW HYPH CD : UH .
UH .
NNP NFP FW FW .
NNP FW FW FW FW , NFP FW FW FW FW FW FW FW FW FW FW FW .
NFP `` FW FW , UH , FW FW FW FW .
NFP NFP FW ADD .
NFP FW FW FW FW FW FW .
UH CD NFP FW FW , FW FW FW .
FW FW FW FW FW FW FW FW FW FW .
NFP FW FW FW FW , NFP FW FW FW FW FW .
UH , FW FW FW FW FW FW .
NFP NN ADD : `` NFP `` UH .
FW FW FW FW FW FW FW FW NFP .
NFP NNP , ADD , ADD , ADD , FW FW FW `` CD .
NN `` FW FW FW .
NNP NNP HYPH NN NFP NN NFP FW FW FW FW FW .
NFP NFP FW FW FW , FW FW FW FW FW FW .
NFP NFP NFP NN `` UH , NFP `` NN NFP NFP UH UH , `` NFP ADD CD :
NNP `` NNP UH .
NFP FW FW ADD NN NFP FW FW , FW FW FW FW FW , FW FW FW FW FW FW FW FW FW .
NFP NN NN NFP ADD , NFP NFP NFP NFP ADD NFP .
NFP NFP FW FW FW FW FW FW ADD .
NFP `` FW FW FW FW FW FW FW FW FW FW FW .
FW FW FW `` NFP FW FW FW ADD NFP FW FW FW .
FW FW FW FW FW FW FW FW FW FW .
NFP UH .
FW CD NFP ADD .
NFP NFP , NFP NN NFP CD NN `` CD :
: NFP NN ADD .
NFP NFP ADD .
NFP NFP NFP ADD NFP FW FW CD NFP . , FW FW FW FW FW .
NNP NFP NFP NFP NFP NN , FW `` FW FW .
FW ADD NFP NFP NFP NFP NFP `` FW FW FW .
NFP NFP NFP NFP ADD NFP ADD .
NFP FW FW NFP ADD
NFP NFP NFP FW ADD NFP FW FW FW FW FW FW FW FW FW FW FW FW FW FW .
NFP FW FW FW FW FW `` FW `` FW FW .
NFP CD NFP ADD NFP NFP NFP ADD NFP FW FW FW FW `` NFP NFP .
FW FW NN NN NFP FW FW FW FW ADD .
NFP FW , FW FW FW FW FW FW FW FW FW FW FW FW FW .
NN NN NN CD : CD NN NFP ADD
NN `` FW FW ADD NN CD : CD NN NFP NFP NFP FW FW FW NFP .
ADD ADD NN : ADD , NN : ADD , NN : CD NFP NN : FW .
NFP NN `` FW FW `` FW FW FW FW FW .
NN NFP FW FW , FW FW FW FW FW FW FW FW FW FW , FW FW FW HYPH FW FW `` FW '' FW FW FW FW NFP FW .
: NFP NN ADD NFP ADD NFP FW .
NNP `` ADD `` NN `` NFP
ADD NN NFP NFP FW FW FW FW FW FW FW FW FW , NN NN CD : CD `` CD .
: ADD ADD . :
, NFP FW FW FW FW FW FW FW FW FW FW FW NFP NFP FW FW FW .
NN NFP FW FW `` `` ADD '' NFP . FW FW FW .
NFP NFP NFP ADD NFP , NFP NFP FW FW FW FW FW `` NN '' .
NFP , NFP NFP NFP , NN `` NFP `` UH .
NNP , NFP FW FW FW FW FW FW FW FW FW FW
: FW FW .
NN NFP NNP , FW FW FW FW FW FW FW , NFP CD :
NN NFP `` ADD , `` `` ADD UH , NFP NFP FW .
NFP FW FW FW NFP NFP FW FW FW .
NFP NFP NFP NFP HYPH NN ADD ADD .
NFP NFP FW , NFP FW FW FW FW FW FW FW CD FW , `` FW FW FW FW .
ADD NN `` FW FW FW FW FW FW FW FW FW FW FW CD CD .
NNP NNP `` NFP NFP NFP ADD
UH NFP FW FW ADD NFP NFP FW FW FW FW FW FW FW FW FW FW .
FW FW FW FW FW FW FW FW FW FW , FW FW FW FW FW .
NNP FW FW FW FW FW FW FW FW FW FW FW FW FW FW FW FW FW : NFP NFP , FW FW FW FW FW FW .
NNP NFP FW FW FW `` ADD NFP , FW FW FW `` NFP FW FW .
NFP FW FW FW FW FW FW FW FW FW FW , FW FW FW .
NN `` NFP FW ADD `` NFP , UH , NNP , FW , FW FW FW .
NN `` FW FW $ CD SYM CD
NNP `` ADD NFP NFP FW FW CD FW FW , FW FW FW FW $ CD CD CD : CD CD -RRB- , CD FW .
FW FW FW FW FW FW FW FW FW FW FW FW FW NFP FW , FW FW FW .
FW FW FW FW FW FW FW FW FW FW FW FW FW FW , FW FW , FW FW FW FW FW FW FW FW NN CD FW .
FW FW FW FW FW FW FW FW FW FW FW , FW FW FW FW FW FW FW FW , NFP NFP FW FW FW FW FW FW FW FW FW FW FW FW FW .
NN `` NN `` NFP NN NFP FW FW FW , NFP NFP NFP FW FW FW FW FW FW FW FW FW FW FW FW FW .
NFP NNP NNP FW FW FW $ CD NFP CD `` CD NN NFP NFP NFP CD `` NFP NN CD CD CD .
NFP NFP FW FW FW FW FW FW FW , FW FW FW FW FW FW FW FW FW FW `` NFP .
FW FW FW FW FW FW FW CD NFP NFP NFP NFP NFP FW FW FW FW .
FW FW FW FW FW FW FW FW FW FW , FW FW FW FW FW FW FW FW FW FW FW FW FW .
NFP NFP ADD NFP NFP , FW FW FW FW FW NFP , NFP NFP FW FW .
FW FW FW NFP FW FW ADD NFP ADD .
NN NN -LRB- `` ADD NFP : FW FW FW FW .
NFP NFP FW FW FW FW .
FW FW FW FW FW FW , NN NFP NFP NFP FW , `` NFP FW .
FW FW FW FW FW
FW FW FW `` FW , NFP `` FW
UH , NFP FW FW FW FW FW FW FW , FW FW FW FW .
NN NFP FW FW FW FW FW ADD NFP NFP NFP NFP NN NFP FW FW FW .
NNP NFP FW FW FW FW FW FW FW , FW FW FW FW FW , NFP NFP ADD , FW FW .
NN `` ADD : ADD , NFP NFP FW , FW FW , NN NFP NFP FW FW NFP FW .
FW FW FW FW FW FW FW FW FW FW FW FW FW FW FW FW NFP FW FW CD NN NFP FW FW FW FW FW .
NNP NNP `` NFP ADD NFP NFP FW FW FW FW , FW FW `` NFP NNP .
NNP NNP `` NNP `` UH .
NNP NFP FW FW FW FW FW FW FW FW FW FW FW FW FW FW FW .
NFP ADD `` NFP FW ADD NFP `` ADD .
FW FW ADD .
NFP UH , NFP CD NN `` NFP `` NN '' FW FW , FW FW FW FW FW FW .
FW FW FW `` FW $ CD NFP NFP ADD .
FW FW FW , NFP NFP NFP NFP `` NFP NFP FW , FW FW FW , FW FW FW FW FW `` FW '' CD , FW FW FW FW NFP FW FW .
FW FW FW FW FW , FW FW FW FW FW , FW FW FW FW FW , FW FW FW FW FW FW FW FW FW FW FW .
NFP FW FW FW FW NFP FW FW FW , FW FW FW FW FW FW FW FW FW FW FW FW FW FW FW FW FW .
NFP ADD NFP NFP
NNP NFP FW FW `` NN '' NFP NFP NFP FW FW NFP FW FW FW FW FW , FW FW FW FW : FW FW .
FW FW FW FW FW ADD NFP FW ADD .
ADD NFP `` CD NFP `` FW , FW FW FW NFP NFP NFP FW , NFP NFP FW FW FW FW FW FW FW FW .
FW FW FW FW FW FW `` NFP FW , NFP FW FW FW ADD .
FW FW FW FW FW FW FW FW .
`` FW FW `` NN '' FW CD NFP . NN . `` CD NN .
UH `` ADD NFP FW
NFP FW FW FW FW FW , FW FW FW FW FW FW FW FW FW , FW FW FW .
NN NN NN , ADD `` CD NN , `` ADD NFP NFP .
FW FW FW FW FW FW FW FW .
NFP CD NFP ADD NFP ADD CD NFP , FW FW ADD NFP FW FW .
FW FW FW FW FW FW FW FW FW FW FW .
NFP NFP NFP NFP NFP NFP FW FW FW .
NNP `` ADD NFP `` ADD .
NN NFP FW FW FW FW FW `` NFP
NFP FW FW `` NFP FW FW FW .
FW FW FW FW FW FW FW FW FW FW FW FW FW , NFP FW FW FW FW FW FW FW FW FW FW , FW FW FW FW FW FW , FW .
NFP ADD NFP FW FW FW FW FW FW FW FW FW , FW FW FW FW .
NFP FW FW FW FW , `` FW FW , NN NFP NFP UH .
NFP FW FW FW , FW FW FW FW FW FW , FW FW FW FW FW .
FW ADD NFP NFP `` NFP NFP FW FW FW .
NNP , NFP NFP FW FW FW FW FW FW FW FW FW , FW FW FW .
UH , NFP NFP ADD NFP NFP FW FW FW FW FW FW FW FW FW .
NNP NN `` `` FW FW FW .
NNP NFP FW , FW FW FW FW FW FW FW FW FW FW $ .
NN NFP NN NN NN ADD FW FW FW FW .
UH NFP
NFP `` UH , `` `` JJ .
NNP NFP NFP NFP CD NN -RRB- , NN , NN :
: NFP FW FW FW FW FW FW FW FW FW FW FW FW FW FW FW .
NNP NFP $ CD NFP NFP , NNP , `` :
: NN .
`` FW FW ADD , NFP `` NFP CD .
NFP FW FW FW FW FW FW .
NFP NFP NFP : CD NN -RRB- , FW , NN :
: NFP `` FW FW FW FW FW ADD .
NFP NFP NFP CD NFP NFP NFP , NFP NFP NFP `` NFP , UH NFP NN NFP FW FW .
NNP NFP NFP : CD NN -RRB- , FW , NN :
`` FW ADD UH , NFP FW .
NFP , NFP CD NFP NFP FW FW FW FW FW FW NFP NFP UH .
`` NFP SYM CD NN -RRB- , NNP , ADD :
: NFP , NFP .
NFP FW , NFP FW FW FW FW , `` NN NFP , FW FW FW FW FW FW FW .
NNP NFP NFP SYM CD NN -RRB- , NNP , NN :
: NFP .
`` FW FW FW ADD , NFP FW .
NFP NFP NFP NFP NFP FW FW , NFP NFP NFP FW FW .
NNP NFP NFP NFP CD NN NFP , NN , NN :
: NFP UH , `` NN NN `` CD NN `` NFP FW .
NFP `` NFP NFP FW FW FW CD NFP CD NN .
NFP NFP NFP : CD NN -RRB- , FW , NN :
: NFP , UH .
NFP NFP `` FW FW FW , NFP NFP NFP `` NFP FW .
UH NFP NFP CD NN -RRB- , NN , `` :
: FW UH .
FW FW FW FW FW FW FW FW FW FW , FW FW FW FW FW FW FW FW FW FW FW .
ADD NFP NFP SYM CD NN -RRB- , NN , `` :
: NFP NFP `` NFP ADD CD .
NFP UH NFP `` NFP FW , `` UH NFP FW FW FW ADD .
NNP
NFP FW FW FW FW
NFP FW FW FW FW , FW FW FW FW FW FW .
NN `` NN NFP ADD NFP `` FW NFP `` CD NFP CD CD . , FW `` NFP .
NFP FW FW FW FW FW FW CD CD , FW FW FW FW FW FW FW FW CD FW FW FW , FW FW FW FW FW FW `` CD FW .
NFP FW `` NFP FW FW FW FW FW , FW FW FW FW .
NFP NFP NN CD NN CD ADD
NFP NFP NFP NFP FW FW FW FW FW CD NFP FW FW CD FW FW FW FW .
NN ADD ADD NN -LRB- : ADD NFP ADD `` ADD NFP NFP NFP ADD NN `` NN NFP FW FW ADD .
FW FW FW NFP CD FW FW FW FW FW FW FW , FW FW FW FW FW FW FW , FW FW FW FW FW FW FW FW , FW FW FW FW NFP FW .
NFP NFP FW FW FW FW FW FW FW FW FW FW FW FW FW , FW FW FW FW FW FW FW FW FW FW
, NNP NNP NNP .
FW FW `` NFP NFP FW FW FW FW FW FW FW , NFP NFP ADD .
UH NFP NFP ADD NN CD NN NFP NFP FW FW .
NNP NNP `` NN '' : `` NFP NFP FW `` `` NN ''
NFP : `` NN '' FW FW FW FW FW FW FW FW FW FW FW `` NFP FW '' , FW FW NFP ADD NFP .
NN NFP FW FW FW : CD CD -RRB- FW FW FW .
NN `` FW FW FW FW FW FW `` NFP '' .
FW FW FW `` NN '' FW NFP FW FW FW `` NFP FW FW , FW `` NN '' FW FW FW FW FW FW .
NNP `` NFP FW FW FW NFP FW FW FW FW FW `` FW '' FW `` FW '' -LRB- FW -RRB- .
FW FW `` NFP NFP `` ADD
: `` NN FW FW FW : FW .
: FW FW FW FW FW FW FW FW FW , FW FW FW FW FW `` JJ '' .
FW FW FW ADD NFP `` UH UH UH UH
, `` NFP .
`` NFP
: NN NFP FW FW FW FW FW FW .
: NFP NFP `` FW FW FW .
NFP FW FW FW FW FW FW `` NFP '' FW NFP FW , FW FW FW FW FW FW FW `` NFP '' .
NFP NN NFP NN `` FW `` ADD .
: NFP FW , `` `` NN `` UH .
: UH .
FW FW FW HYPH NN `` FW FW NFP NFP .
: ADD NFP NFP NFP : `` NN '' .
NFP `` UH NFP `` UH NFP JJ .
`` NNP '' `` `` `` `` RB '' .
HYPH NN `` FW FW FW FW FW FW FW FW FW FW :
: NFP NFP NFP `` UH .
: NN `` FW , NFP NFP NFP NFP FW FW FW `` NFP :
: NFP NFP FW FW , FW FW FW FW FW FW .
: UH `` NFP NFP NFP FW FW NFP NFP NFP NFP .
NNP NNP `` , NFP NFP FW `` `` NFP `` NFP .
NFP NFP FW , NFP FW CD NFP FW FW FW FW FW , `` UH .
NNP NFP NFP FW FW FW , `` ADD NFP .
: NN NFP FW FW `` JJ .
: NFP NFP NFP NFP FW FW FW FW FW FW , FW FW FW FW FW .
NFP FW FW FW FW ADD
FW FW FW FW FW FW FW FW FW FW FW FW FW FW FW FW FW FW FW FW FW .
FW FW FW FW FW FW FW FW NFP NFP NFP FW FW FW .
`` FW FW FW FW FW FW `` JJ '' , FW FW FW FW FW FW FW `` NFP NFP NFP '' : FW -RRB- NFP FW `` NNP '' NN CD : CD .
UH UH
NFP `` UH
FW FW FW FW FW FW FW FW FW FW FW FW FW FW FW FW .
NFP NN `` FW FW FW , FW , FW FW FW , NFP NFP FW FW FW FW FW FW FW FW FW FW .
NFP `` FW , NFP FW FW FW NFP FW , FW FW FW FW FW FW FW FW ADD .
FW FW FW FW FW FW FW FW FW FW FW FW , FW FW FW FW FW FW , FW FW FW FW FW FW FW FW FW FW FW , FW FW FW FW .
NFP NFP FW , NFP FW FW , `` CD FW FW FW FW FW FW `` NFP NFP NFP .
NFP FW FW FW FW FW FW FW FW FW FW HYPH FW FW FW FW FW FW FW NFP FW FW FW FW FW FW FW FW , FW FW FW FW FW FW , FW FW FW NFP NFP NFP FW FW FW FW FW FW FW FW FW FW FW .
FW FW FW FW FW , FW FW FW FW FW FW FW FW FW FW FW FW FW FW FW , FW FW FW FW FW , NFP NFP FW FW FW FW FW FW FW FW FW FW FW FW .
FW FW FW FW , FW FW FW FW FW FW FW FW FW FW FW FW FW FW .
NN ADD NFP `` ADD , NFP FW FW FW FW FW FW FW FW FW , NFP NFP FW FW FW NFP FW FW FW .
NFP FW FW FW FW FW FW FW FW FW FW FW FW FW FW FW FW FW FW FW FW FW .
FW FW FW FW FW FW FW FW FW FW FW FW FW FW FW FW FW FW FW FW FW FW FW FW `` FW '' .
FW FW FW FW FW FW FW FW FW FW FW FW FW FW , NFP FW FW FW FW NFP FW FW FW NFP .
NN NFP FW , NFP NN CD `` NN NFP CD NFP $ CD NFP . .
FW FW FW FW FW FW FW FW FW NFP FW FW FW NFP ADD : FW FW FW FW FW FW FW NFP FW FW FW FW FW .
NN NFP NNP , FW FW FW FW CD NFP . UH , FW FW NFP FW CD NFP `` CD `` CD NN .
NNP NFP FW FW FW FW FW FW FW FW FW , FW FW FW HYPH FW FW FW FW FW NFP FW FW , CD FW CD FW FW FW FW .
NNP `` NFP NFP FW FW , NFP ADD CD NFP NFP FW FW FW .
NFP FW FW FW FW FW FW FW FW .
, FW FW FW FW .
, NN NN `` FW ADD .
NN NFP FW FW FW FW FW FW
CD NN NN NFP NFP NFP `` NFP NFP NFP NFP NFP NFP NN NFP NFP NFP NFP , ADD .
NNP NFP FW FW FW FW `` NFP FW FW , FW FW FW .
FW FW ADD NFP FW , FW FW FW FW FW FW FW , FW FW FW FW `` FW NFP NFP '' , FW FW . `` NN '' .
NFP FW FW FW FW FW FW FW FW NFP FW FW FW .
NN NFP CD FW FW FW
CD NFP NFP NFP FW , FW FW FW NN NFP CD -RRB- , CD CD NFP FW FW , FW FW .
FW FW FW FW FW FW FW FW FW FW FW FW FW FW FW FW FW .
FW FW FW FW NFP FW FW FW FW FW FW FW FW FW FW FW FW FW FW FW .
NN CD NN CD FW FW FW FW FW FW FW FW FW FW FW FW ADD .
FW FW FW FW $ CD CD
FW FW FW FW FW FW FW FW FW CD FW FW , FW FW FW FW FW FW FW FW FW , NFP NFP FW FW FW FW FW FW .
UH `` NFP NFP ADD
NFP NFP FW FW FW , FW FW FW FW FW FW FW FW FW , NFP FW FW FW , FW FW FW .
NFP FW FW FW FW FW FW FW CD FW FW FW FW FW FW FW FW CD FW , FW FW FW FW .
FW FW , FW FW FW FW FW FW FW FW FW FW , FW FW FW FW FW FW .
ADD NN NFP `` CD NN `` NNP
ADD NN NFP ADD NN ADD NFP NFP `` CD NN `` CD NN `` FW , `` ADD .
NN -LRB- `` NFP NFP NFP CD CD NFP . .
FW FW ADD NFP ADD NFP FW FW FW FW FW FW FW FW FW CD NFP CD FW FW FW , FW FW FW .
NN -LRB- `` `` NN CD NN
NN -LRB- `` NFP NFP FW `` FW FW FW , FW FW `` FW '' , FW FW FW FW , FW FW FW FW FW FW NFP FW FW .
ADD `` NFP NFP NFP CD NFP . FW FW FW FW `` FW .
NN FW FW FW FW FW FW FW FW , NFP FW FW .
NNP FW FW FW `` FW .
FW FW FW FW FW FW FW FW FW FW FW FW FW CD FW FW FW .
NFP NNP NFP NFP ADD NFP NFP : NFP HYPH NNP .
FW FW FW FW FW FW FW FW FW FW FW FW FW FW FW .
NNP NFP NFP `` FW `` ADD NN : NFP NFP NFP NN NFP NFP FW FW FW FW FW FW FW NFP NNP .
FW FW FW FW FW FW FW FW FW FW FW FW FW FW FW FW , FW FW FW .
NNP NFP FW FW FW FW FW FW FW FW FW FW FW FW FW FW FW FW , FW FW .
NN `` FW '' `` FW `` FW `` FW FW FW FW FW FW FW FW FW `` CD '' .
NNP FW FW FW FW `` FW ADD NFP '' NN NFP NFP , NFP NFP NFP FW FW FW FW NFP NFP NN .
FW FW FW FW FW `` FW `` NFP `` FW '' , FW FW FW NFP FW FW FW FW FW , FW FW FW FW FW FW FW .
NNP `` NN '' FW FW FW FW FW , ADD NFP .
`` NFP `` FW FW FW FW FW FW , FW FW FW `` FW '' FW FW .
NN FW FW FW FW FW FW FW FW FW
FW FW ADD , NFP NFP CD NFP `` CD : ADD NFP NN NFP CD NN .
NFP NN NFP FW FW FW FW FW , FW FW FW FW FW FW FW FW FW FW .
FW FW FW FW , FW FW FW FW FW FW FW FW FW FW FW FW FW FW .
FW FW FW FW FW FW FW FW FW FW .
NFP NFP FW FW FW FW FW , FW FW FW FW FW , ADD NFP FW FW FW FW FW FW FW FW .
NN ADD FW FW `` NN
FW FW ADD NFP FW FW FW FW FW FW FW FW FW FW FW FW FW .
NFP FW FW FW , FW FW , FW FW FW FW FW FW FW FW FW FW -RRB- .
NN `` FW FW FW HYPH NN `` FW FW ADD NFP , FW NFP FW FW NFP NFP `` FW FW , NFP : CD NFP ADD .
NNP
NFP ADD NN NFP NFP FW FW FW FW FW FW .
ADD NFP NFP NFP FW FW , FW FW FW FW FW .
NFP FW FW FW FW FW FW FW FW FW FW NFP CD NN , CD NN `` CD NFP NFP CD `` CD CD CD CD . , NN NFP NN CD NN NFP CD CD CD . .
NN NN NN NN , NN ADD , FW FW FW FW , FW FW FW FW FW FW FW FW FW FW FW FW .
NNP NNP
FW FW FW FW FW NFP FW FW FW $ .
NFP FW FW FW NFP FW CD CD CD FW FW SYM CD NN -RRB- , FW FW FW FW FW FW FW FW FW FW .
ADD NFP CD NFP NFP `` NN CD NN .
UH , UH , NFP
FW FW FW FW FW FW FW FW FW FW FW FW FW FW FW , FW FW FW FW FW , FW FW FW FW FW FW .
NN ADD NFP FW , FW `` ADD , FW FW FW FW FW FW ADD .
NFP FW FW FW FW FW FW FW FW FW FW FW FW FW FW FW .
FW FW FW FW , FW FW , FW FW FW FW FW FW FW FW FW FW FW .
FW FW FW FW FW `` FW UH .
FW FW FW FW FW FW FW FW FW FW FW FW FW FW .
NNP `` FW FW FW , NFP NFP NFP ADD CD NFP FW , `` CD `` `` ADD .
FW FW FW , NFP NFP NFP NFP NFP ADD NFP FW , FW FW FW ADD NFP CD NN .
FW FW FW FW FW FW FW FW NFP FW FW FW .
FW FW FW FW FW FW FW FW FW FW FW FW FW , FW , FW , FW FW FW .
NN -LRB- NN ADD NFP CD NN NFP CD HYPH `` CD NN CD CD NFP FW FW FW FW FW `` NN NFP $ CD NN NN .
NFP NN `` CD NFP NFP NFP NFP NFP FW FW FW FW FW , NN , NN NFP ADD , ADD , FW FW , ADD .
NFP NN NFP CD , NFP NFP FW FW FW FW FW FW CD JJ .
NFP `` FW FW FW FW
FW FW FW FW FW FW FW FW FW FW FW FW FW FW , FW FW FW FW .
NFP FW FW FW FW FW FW FW FW FW FW FW FW FW FW FW FW FW .
FW FW FW FW FW `` NN NFP FW '' , FW FW FW FW : ADD NFP NFP .
NNP `` FW FW FW FW FW `` CD `` JJ '' .
NFP NN `` NN `` FW , NFP NFP NFP ADD ADD NFP UH .
FW FW FW FW ADD NFP NFP $ CD NFP CD CD NFP CD NFP $ CD .
NN NFP ADD , `` FW FW FW FW FW .
`` CD NN `` FW CD FW FW FW , NFP NFP FW FW NFP NN .
NFP CD NN FW FW FW FW FW FW .
CD NN FW FW , NFP CD `` CD , CD NFP NFP .
NFP CD NN `` FW , FW FW , NFP ADD `` FW FW .
NFP CD NN NN , NFP NN NN `` FW .
NFP FW FW FW CD NN FW FW FW FW FW FW FW FW FW FW FW FW .
NFP CD NN FW FW , FW CD NFP FW FW , NFP NFP FW FW FW FW `` FW .
NFP NFP `` NFP NFP NFP NFP FW FW
NN NN NN CD ADD
FW FW FW FW FW FW FW FW FW FW FW FW NFP FW FW FW FW , ADD NFP .
CD FW FW FW FW FW FW FW FW FW CD NFP NFP FW FW FW FW . `` NN '' .
NFP `` CD NN CD NN `` FW `` JJ '' .
CD `` NFP FW FW FW FW .
FW FW `` FW .
FW FW NFP FW FW FW FW FW , CD NN CD NFP NNP .
NFP FW FW FW FW FW FW ADD .
NFP FW FW FW FW FW FW .
NN UH , NFP FW FW FW FW FW FW FW FW FW .
NNP `` FW '' FW FW FW FW FW `` NFP NFP FW '' .
UH UH , NFP FW FW FW FW FW FW FW FW FW FW .
NFP NFP : NN NFP FW FW FW FW FW FW FW .
NN ADD CD NN , FW FW FW , NN CD NN , FW FW FW : ADD .
NFP NFP FW FW FW FW FW .
NFP NFP NFP NFP NFP FW
NFP NFP NFP NFP NFP FW FW FW FW , `` NFP .
NN NN `` FW ADD NFP . CD `` NFP `` NN NFP '' $ CD NFP . .
FW FW FW FW .
FW FW FW FW FW FW FW FW FW `` FW `` NFP NFP NFP `` FW FW FW `` JJ '' .
NN `` FW FW FW ADD CD NN NFP FW .
NFP CD NN NFP NFP NFP NFP FW `` CD `` NFP NFP NFP NFP ADD .
NFP NFP NFP NFP
, `` NFP NFP `` NNP '' .
NN `` NFP FW `` ADD
FW FW FW FW FW FW FW FW FW FW FW FW FW FW FW FW FW , FW FW NFP FW NFP FW .
FW FW FW FW FW , FW FW FW FW FW FW FW FW .
NFP FW FW NFP `` FW FW FW FW FW NFP NFP NFP HYPH NNP .
NN `` FW FW , FW FW FW NFP CD NFP NFP NFP NFP FW .
NFP NFP NFP `` UH ADD NFP FW FW , FW FW FW FW FW
NFP FW FW FW FW FW FW FW FW FW FW .
NFP , NN NFP NFP `` UH UH .
FW FW FW FW FW FW FW FW FW FW FW FW FW FW FW FW FW NFP FW FW .
FW FW FW FW FW `` ADD .
NFP NFP FW FW FW FW FW FW FW FW FW FW .
NNP NNP CD CD CD NN NN , NN CD FW FW FW FW , FW FW FW FW `` ADD .
FW FW FW FW FW FW FW FW FW , FW FW FW FW FW , FW FW FW FW FW FW .
NFP ADD NFP NFP NFP FW FW FW FW FW FW , FW FW , FW FW FW FW FW FW FW FW FW .
FW FW FW FW FW FW FW FW FW FW FW , FW CD FW FW FW , FW FW , FW FW FW FW FW FW FW FW FW .
NFP NFP FW FW FW FW `` NFP NFP NFP FW FW , FW FW FW , FW FW , FW FW , FW FW FW FW FW FW , FW FW FW `` FW FW FW '' -RRB- , FW FW , FW FW , FW : FW , CD NN , FW FW , FW FW .
NFP NFP NFP NFP NFP NFP FW NFP NFP NFP NFP NFP , FW FW : NFP NFP , NN : ADD : NFP NFP , NN : ADD : NFP -RRB- .
NFP FW ADD NFP NFP ADD NFP FW FW FW FW FW FW FW FW FW , FW FW FW FW FW FW FW FW FW FW FW FW , FW NFP FW FW , NFP NFP FW FW FW NFP NFP , NFP NFP FW .
NFP NFP FW FW FW FW FW FW FW FW .
NNP NNP NFP FW FW FW FW NFP FW FW FW FW FW FW FW FW FW FW , FW FW FW FW FW NFP FW .
ADD NFP NFP ADD NFP NFP NFP FW FW FW FW , FW FW FW FW `` FW `` `` FW , `` FW FW , `` NFP '' .
NFP NN `` NFP NFP NN : ADD .
NFP NFP NFP FW FW FW FW FW , FW FW FW FW , FW FW FW FW FW FW FW FW FW FW FW .
NNP , ADD NFP ADD FW FW FW , FW FW FW FW FW FW FW .
NFP FW FW FW FW FW FW , FW FW FW FW FW FW FW , NFP NFP FW FW FW FW FW FW FW , FW FW FW FW FW .
NN NFP NFP FW FW FW FW NFP FW , FW FW FW NFP NN NFP FW , FW FW FW FW FW FW FW FW FW FW FW FW FW FW FW FW FW FW FW FW FW FW FW FW FW .
NFP FW ADD NFP NFP NFP CD NN `` FW FW FW FW .
NN `` FW FW `` ADD NFP NFP . NFP `` NFP NNP NNP :
FW FW FW , NN ADD ADD : `` ADD : : : ADD . -RRB- , FW FW FW , FW FW FW FW .
FW `` FW FW .
NFP UH . : UH . UH .
NFP `` `` UH , FW FW FW FW .
NNP `` `` ADD '' `` NFP NFP NFP NFP FW FW FW NFP NN NFP FW .
NFP NFP FW , UH NFP FW FW FW FW FW FW FW .
`` `` UH ADD , NFP NFP ADD ADD
, FW FW FW FW .
NFP NFP NFP NFP FW `` FW FW `` NFP FW FW FW FW , CD NFP NFP FW FW FW .
UH `` NFP NFP , `` FW `` FW FW `` NN '' .
NNP FW FW FW FW FW FW FW FW , FW FW FW FW FW FW FW , FW FW FW FW , FW FW FW FW FW FW FW NFP .
NFP CD NN NFP NN : FW FW FW , NFP NFP ADD NFP FW .
NFP NFP FW FW FW FW FW FW FW , `` FW FW FW , `` `` NFP NFP .
