FW FW FW .
FW FW FW .
FW FW FW FW FW FW FW FW FW FW FW FW FW FW FW FW FW FW FW FW .
UH .
FW FW FW .
FW FW FW FW FW FW FW FW FW FW FW FW FW FW FW FW FW FW FW FW FW FW .
FW FW FW .
FW FW FW FW FW FW FW FW IN FW FW .
FW FW FW FW FW FW FW .
UH .
FW FW FW FW FW FW FW FW FW FW FW FW .
FW FW FW .
NNP .
FW FW FW FW FW FW FW FW FW FW FW FW FW FW .
FW FW IN FW FW FW FW FW FW FW FW FW FW FW .
NNP .
FW FW FW FW FW FW FW FW FW FW FW FW FW FW FW FW FW FW FW FW FW FW FW .
NNP NNP IN FW FW FW FW FW FW FW .
UH .
FW FW .
FW FW FW .
UH .
FW FW FW FW FW FW FW FW FW FW FW FW FW FW FW FW FW FW FW .
JJ FW FW FW FW .
UH .
FW FW .
FW FW FW FW FW FW FW FW FW FW FW FW FW .
FW FW FW FW FW FW FW FW FW FW FW FW NN .
FW FW .
FW FW FW .
FW FW FW FW FW FW FW FW FW FW FW FW FW FW FW FW FW FW FW .
FW FW FW FW FW FW FW FW FW FW FW FW FW FW FW FW FW FW FW FW FW FW FW FW FW FW FW FW FW FW .
FW FW FW FW FW FW FW FW FW FW FW FW FW FW FW FW FW FW FW FW FW FW FW FW FW FW FW FW FW .
FW FW IN FW FW FW FW FW FW FW FW FW FW FW FW FW FW FW FW FW FW FW FW FW FW FW FW FW FW FW .
FW FW FW FW FW FW NN .
FW FW FW FW FW FW FW FW FW FW FW FW FW FW FW FW .
FW FW FW FW FW FW FW FW FW FW FW FW FW FW FW FW FW FW .
FW FW FW FW FW FW FW FW FW FW FW FW FW FW FW FW FW FW FW FW FW FW FW FW .
NN NNP IN FW FW FW FW FW FW FW FW .
FW FW FW FW FW FW FW FW FW FW FW .
UH .
NNP NNP NNP NNP FW FW FW FW NN .
NNP IN FW FW FW FW FW .
FW FW FW .
NN NNP IN NNP FW FW FW FW FW FW FW FW FW FW FW FW FW FW FW FW FW FW FW FW FW FW FW FW FW FW FW FW FW FW FW FW FW FW FW FW FW FW FW FW FW FW .
FW FW FW FW FW .
NNP NNP FW FW FW FW FW FW .
FW FW FW FW FW FW FW FW FW FW FW FW FW .
FW FW FW FW FW FW NNP NNP NNP .
FW FW FW FW FW FW FW FW FW FW FW FW FW FW FW FW .
FW FW FW FW FW .
FW FW FW FW FW FW FW FW FW FW .
FW FW FW .
UH UH UH FW FW FW FW FW FW FW FW .
FW FW FW FW FW FW FW FW FW FW FW .
UH .
NNP NNP .
UH .
FW FW FW FW FW FW FW FW FW FW FW .
FW UH UH FW FW FW FW FW FW .
FW FW FW .
FW FW FW FW .
FW FW FW FW FW FW FW FW FW FW FW FW FW FW FW FW FW FW FW FW FW FW FW FW FW FW FW FW FW FW FW FW .
FW FW FW .
FW FW FW FW FW FW FW FW FW FW FW FW FW FW FW FW .
FW FW FW FW FW FW FW FW FW FW FW FW FW FW FW FW FW FW FW FW FW FW FW FW FW FW FW FW FW .
NNP FW FW FW FW FW FW FW FW FW FW FW FW .
NNP FW FW FW FW FW FW FW .
FW FW FW .
FW FW FW FW FW FW FW FW FW FW FW FW FW FW FW FW FW FW FW FW FW FW FW FW FW FW FW FW FW FW FW FW FW .
FW FW FW FW FW FW FW FW FW FW FW FW FW FW FW FW FW FW .
FW FW FW FW FW .
FW FW FW .
FW FW FW FW FW FW FW FW FW FW FW FW FW FW .
FW FW UH UH .
FW FW FW FW FW FW FW FW FW FW FW FW FW FW FW .
NNP FW FW UH RB IN UH UH UH NN FW FW FW FW .
FW FW FW .
NNP FW FW FW FW .
FW FW FW FW .
FW FW FW .
FW FW UH UH .
UH .
FW FW FW FW FW FW FW FW FW FW FW FW FW FW FW FW FW FW FW FW FW FW FW FW FW FW FW FW FW FW FW FW .
UH .
NNP .
NNP NNP .
NNP NNP .
FW FW FW .
FW FW FW .
FW .
FW FW .
FW .
NNP NNP .
FW FW FW FW FW FW FW FW FW FW FW FW FW FW FW .
FW FW FW .
FW FW FW FW FW FW .
FW FW .
FW FW .
FW FW NNP FW FW FW .
UH .
FW FW FW FW FW FW .
FW FW FW FW FW IN NNP PRP FW FW FW FW FW FW FW FW FW FW FW FW .
FW FW FW FW FW FW FW FW FW FW .
FW FW FW FW FW FW FW FW FW FW FW FW FW FW .
UH .
FW FW FW FW FW FW FW FW IN FW FW FW FW FW FW FW FW FW FW FW NN .
NNP FW FW FW .
NN NN NNP IN FW FW .
NNP UH UH FW FW FW IN FW FW FW FW NN .
FW FW FW FW FW FW FW FW FW FW FW FW FW FW FW FW FW FW FW FW FW FW FW FW FW FW FW FW FW .
FW FW FW FW FW FW FW FW FW FW FW FW IN FW FW FW FW FW FW FW FW .
UH .
NN NNP .
FW FW .
FW FW FW FW FW FW FW FW FW FW FW FW FW FW FW FW .
JJ NN NN IN NN .
NNP NNP UH UH FW FW FW VBP NN .
FW FW FW FW FW .
FW FW FW FW IN NNP IN FW FW FW FW FW FW FW FW FW FW FW FW FW .
UH .
FW FW .
FW FW FW FW FW IN FW FW FW .
FW FW FW FW FW FW FW FW FW FW FW .
FW FW FW FW FW FW FW FW FW FW FW FW FW FW FW FW FW FW FW FW FW FW FW FW FW FW FW FW FW FW FW FW FW FW FW FW FW FW FW FW FW FW FW FW FW FW FW FW FW FW FW FW FW .
FW FW FW FW FW FW FW FW FW FW FW FW FW FW FW FW FW FW FW FW FW FW FW FW FW FW FW FW FW FW FW FW FW FW FW FW FW FW FW FW FW FW FW .
FW FW FW FW FW FW FW FW FW FW .
FW FW FW FW FW FW FW .
UH .
FW FW FW FW FW FW FW FW FW TO VB NN
FW FW FW FW FW FW FW FW FW FW FW .
FW FW FW FW FW .
UH .
NNP .
FW FW FW .
FW FW FW FW FW FW FW .
FW FW FW FW FW FW .
FW FW FW FW FW FW FW FW FW FW FW FW FW .
FW FW FW FW FW FW FW .
FW FW FW FW FW FW FW FW FW FW FW FW FW FW FW FW FW FW FW FW FW FW FW FW FW FW FW FW FW FW FW FW FW FW FW FW FW FW .
FW FW FW FW FW FW FW FW FW FW FW FW FW FW FW FW FW FW FW FW FW FW FW FW FW FW FW FW FW FW FW FW FW FW FW FW FW FW FW FW FW FW FW FW FW FW FW FW FW FW FW FW FW FW FW FW FW FW FW FW FW FW FW .
FW FW FW FW FW FW FW FW FW IN NN NN .
FW FW UH UH .
NNP NNP UH NNP FW .
FW FW FW .
UH .
FW FW FW FW FW FW FW FW FW FW FW FW FW FW FW FW FW FW FW FW FW FW FW FW FW FW FW FW FW FW FW FW FW FW FW FW FW FW FW FW .
NNP UH UH FW FW FW FW FW .
JJ FW FW .
FW FW FW .
FW FW FW FW FW FW FW FW FW FW FW FW FW FW FW FW FW FW FW FW FW FW FW FW FW FW FW FW FW FW FW FW FW FW FW .
JJ FW FW IN NNP .
FW FW FW FW FW FW FW FW FW NN .
NNP DT FW FW FW FW FW .
UH .
NNP .
FW FW FW FW FW FW FW FW FW IN FW FW FW FW .
UH .
NN IN FW FW FW FW FW FW FW FW FW FW FW FW FW FW FW FW FW FW FW IN FW FW FW FW FW FW FW FW FW FW .
UH .
UH .
UH .
FW FW IN NNP FW FW FW FW .
FW FW FW FW FW FW FW FW FW FW FW FW FW FW FW FW .
FW FW FW FW FW FW FW FW FW FW .
FW FW FW .
FW FW FW FW FW IN NN .
JJ NN IN FW FW FW FW .
UH .
FW FW FW FW FW FW FW FW FW FW FW FW FW FW FW FW FW FW FW FW FW FW FW FW FW FW FW FW FW FW FW FW FW FW FW FW FW FW FW FW FW FW FW FW FW FW FW FW FW FW FW FW FW FW FW FW FW .
FW FW FW .
FW FW FW IN FW UH FW FW FW UH DT NN IN FW FW FW FW FW .
NN JJ FW FW .
FW FW FW IN FW FW FW FW IN FW FW FW .
UH .
NNP NNP .
FW FW FW FW FW FW FW FW FW FW FW FW FW .
FW FW FW FW FW FW FW FW FW FW FW FW .
UH .
UH .
FW FW FW FW FW FW FW FW .
FW FW NNP .
FW FW FW FW FW FW FW FW FW IN FW FW FW FW .
FW FW FW FW FW FW FW FW FW FW FW FW FW FW FW FW FW FW FW FW FW FW NN .
NNP FW FW FW FW FW .
NNP NNP NNP NNP .
FW FW FW FW FW FW FW FW FW FW FW FW FW FW FW FW FW FW FW FW FW FW FW FW FW FW FW FW FW FW FW FW FW FW FW FW FW .
FW FW FW .
FW FW NN NN IN NNP .
FW FW FW FW FW FW .
FW FW .
UH .
NNP NNP .
FW FW FW .
FW FW FW .
FW FW FW FW FW FW FW FW FW FW FW FW FW FW FW FW FW FW FW FW FW FW FW FW FW FW FW FW FW FW FW FW FW .
UH .
FW FW FW FW FW FW FW FW FW FW FW FW FW FW .
FW FW FW .
NNP FW FW FW FW FW FW FW FW FW FW FW FW FW .
UH .
IN UH UH FW FW FW FW .
JJ FW FW FW FW FW FW .
FW FW FW FW FW FW FW FW FW FW FW FW .
FW FW FW FW FW FW FW FW FW FW FW .
UH .
FW FW FW FW FW FW FW FW FW FW FW FW FW FW FW FW FW FW FW FW FW FW FW FW FW FW FW FW FW FW FW FW FW FW FW FW .
UH .
NNP NNP NNP NNP IN FW FW FW FW FW FW FW FW FW FW FW FW FW FW FW FW FW FW FW FW FW .
UH .
NNP NNP NNP FW FW FW FW FW NN .
FW FW FW FW FW FW FW FW FW FW FW FW FW FW .
FW FW FW FW FW FW IN FW FW FW FW .
FW FW FW FW FW .
FW FW FW FW FW FW FW FW FW FW FW FW FW FW FW FW FW FW IN NN .
UH .
UH .
FW FW FW FW FW FW FW FW FW FW FW FW FW .
UH .
NNP UH UH FW FW FW FW FW FW .
NNP NNP .
UH .
FW FW UH UH UH NN UH UH UH .
UH .
NNP NNP IN FW FW FW FW .
UH .
NNP FW FW FW FW FW FW FW FW FW FW FW FW FW FW FW FW FW FW FW FW FW FW FW FW FW FW FW FW FW FW FW FW FW FW FW FW FW FW FW FW FW FW FW FW FW FW FW FW FW FW FW FW FW FW FW FW FW FW FW FW IN NN NN .
NNP NNP FW FW FW FW FW FW FW FW FW FW FW FW FW FW FW FW FW FW FW FW FW FW FW .
FW FW FW FW FW FW FW FW FW FW FW NN .
NNP FW FW .
UH .
FW FW FW FW FW FW FW FW FW FW FW FW FW FW FW FW FW FW FW FW FW FW FW FW FW FW FW FW FW .
UH .
FW FW FW .
UH .
FW FW FW FW FW .
UH .
FW FW FW FW .
UH .
FW FW FW FW FW FW FW FW FW FW FW FW FW FW FW FW FW FW FW .
UH .
UH .
UH .
UH .
NNP NNP IN FW FW FW FW FW FW .
FW FW FW FW FW FW FW IN NN NN .
UH .
UH .
UH .
UH .
FW FW FW .
FW FW FW FW FW FW FW .
UH .
UH .
FW FW FW FW FW FW FW FW FW FW .
UH .
UH .
FW FW FW FW FW FW FW FW FW FW FW FW FW .
UH .
UH .
FW FW FW FW FW FW FW FW FW .
UH .
FW FW FW FW FW FW FW FW .
FW FW FW FW FW FW FW FW FW .
UH .
FW FW FW FW FW FW FW FW IN FW NN .
NNP FW FW FW FW FW FW IN JJ NN NN .
UH .
FW FW FW FW FW IN FW FW FW FW FW FW .
NNP NNP .
NNP UH UH UH .
NNP UH UH FW FW FW .
FW FW FW FW FW FW FW FW FW FW .
FW FW FW FW FW FW FW .
FW FW FW FW FW FW FW FW FW FW IN NN NN .
FW FW FW FW FW .
NNP .
FW FW FW FW FW FW FW FW FW .
UH .
FW FW FW FW FW FW FW FW FW FW FW FW FW FW FW FW FW FW FW FW FW FW FW FW FW FW FW FW FW FW FW FW FW FW FW FW FW FW FW FW FW FW FW FW FW FW FW NN .
NNP UH UH FW FW .
NNP NNP NNP .
UH .
FW FW FW FW FW NN .
FW FW FW FW FW FW FW .
UH .
NNP .
NNP NNP NNP .
UH .
NNP .
NNP .
FW FW FW .
NNP FW FW .
NNP NNP NNP .
FW .
FW FW FW FW FW FW FW FW FW FW FW FW FW FW FW FW .
UH .
UH .
UH .
NNP FW FW FW FW IN FW FW FW .
UH .
FW FW FW .
UH .
NNP UH UH FW FW IN FW FW .
UH .
UH .
FW FW FW FW FW FW FW .
UH .
UH .
UH .
UH .
FW FW FW FW FW FW FW IN NN .
FW FW FW FW .
UH .
FW FW .
UH .
FW FW FW FW FW FW FW FW FW .
FW FW FW .
UH .
NNP FW FW FW IN FW FW FW FW FW FW FW FW FW FW FW FW FW .
UH .
FW FW FW .
FW FW FW .
UH .
NNP .
FW FW .
NNP NN IN FW FW FW .
NNP NNP UH FW FW IN FW FW .
UH .
UH .
UH .
FW FW FW FW NNP NNP NNP IN NNP IN NNP FW FW .
UH .
UH .
UH .
UH .
UH .
FW FW FW FW FW FW FW FW FW FW FW FW FW FW FW FW FW FW FW .
UH .
UH .
FW FW FW FW FW FW FW FW FW FW FW FW FW FW FW .
UH .
FW FW FW .
UH .
NNP FW FW FW FW FW FW .
FW FW FW FW .
UH .
UH .
NNP NNP .
NNP UH UH NN NN IN FW FW FW .
NNP NNP NNP .
UH .
UH .
NNP NNP .
FW FW FW FW FW FW FW FW FW FW FW .
UH .
NNP NNP IN FW FW FW FW FW FW .
UH .
UH .
FW FW FW FW FW FW FW FW FW FW FW FW IN FW FW FW FW FW FW FW FW FW FW FW FW FW FW FW FW IN .
UH .
UH .
UH .
UH .
UH .
FW FW FW FW FW FW FW FW FW FW FW FW .
FW FW FW .
NNP FW FW FW FW FW FW FW TO VB NN .
FW FW FW FW UH UH UH UH UH UH NN IN FW FW FW .
NNP UH NN NN NN NN IN FW FW FW .
FW FW FW .
UH .
UH .
UH .
UH .
UH .
NNP NNP .
UH .
IN FW UH UH FW FW FW .
FW FW FW FW FW FW FW FW FW FW FW FW FW FW .
FW FW FW FW FW FW FW FW FW FW FW FW FW FW .
UH .
FW FW FW .
IN FW FW FW FW FW FW FW .
FW FW FW FW FW IN NNP IN FW FW FW FW IN FW FW .
UH .
UH .
IN NN UH UH UH IN FW FW FW FW FW FW FW FW FW FW FW FW FW .
FW FW FW .
UH .
FW FW FW FW .
UH .
FW FW FW FW FW FW IN NNP FW FW FW FW .
UH .
FW FW FW FW .
UH .
FW FW FW FW FW FW FW FW FW FW .
UH .
UH .
NNP NNP .
NNP NNP .
FW FW FW FW FW FW FW FW FW FW FW FW FW FW FW FW FW .
UH .
UH .
FW FW FW .
FW FW FW FW IN FW FW TO VB NN .
FW FW FW FW FW FW FW FW FW FW FW FW FW FW FW FW FW FW FW FW FW FW FW FW FW FW FW .
UH .
UH .
UH .
UH .
UH .
FW FW FW .
FW FW FW FW FW FW FW FW .
FW FW FW .
FW FW FW FW FW FW FW FW FW FW FW FW FW FW FW FW FW FW NN .
UH .
UH .
NNP NNP NNP NNP .
NNP NNP .
NNP FW FW FW FW FW FW NN .
UH .
UH .
FW FW .
FW FW FW FW .
UH .
NNP FW FW .
FW FW FW .
FW FW FW FW FW FW FW .
UH .
NNP UH NN NNP NNP FW .
FW FW FW .
NNP NNP .
UH .
FW FW FW FW FW FW FW FW FW FW .
FW FW FW FW FW FW FW FW FW FW FW .
NNP FW FW FW FW FW FW FW .
FW FW FW .
UH .
FW FW FW FW FW FW FW FW FW .
UH .
IN FW FW FW FW FW FW FW FW FW FW FW FW FW FW FW FW FW .
UH .
UH .
FW FW FW .
FW FW .
UH .
FW FW FW FW FW FW FW FW IN FW FW FW FW FW FW FW FW FW FW .
UH .
IN FW FW FW FW IN NNP NNP NNP .
UH .
FW FW FW FW FW FW FW FW FW FW FW FW FW FW FW FW FW FW FW FW FW .
FW FW FW FW FW FW FW FW .
FW FW FW FW FW FW FW FW FW FW FW FW FW FW FW FW FW FW FW FW FW .
FW FW FW FW FW .
UH .
NNP IN FW FW FW FW FW .
FW FW FW FW FW .
UH .
FW FW FW FW FW FW FW FW FW FW FW FW FW FW FW .
UH .
UH .
FW FW FW FW FW FW FW FW .
NNP NNP .
FW FW UH NN UH UH FW FW FW FW .
FW FW FW .
UH .
IN FW FW FW FW FW FW FW FW FW FW FW FW FW FW FW FW FW .
UH .
IN NNP FW FW FW FW FW UH NN IN NNP UH NN IN FW FW FW FW FW .
FW FW FW FW FW FW FW FW FW .
FW FW FW .
FW FW FW FW FW FW FW FW FW .
UH .
FW FW FW FW FW FW FW FW FW .
JJ FW FW FW FW .
UH .
FW FW FW FW FW FW FW FW FW .
UH .
FW FW FW FW FW FW FW FW FW FW FW FW FW .
NNP .
UH .
FW FW FW FW FW FW FW FW FW FW FW .
UH .
NNP .
UH .
FW FW UH UH FW FW FW FW .
NNP NNP .
FW FW FW FW FW FW FW FW FW FW FW FW FW FW FW FW FW .
FW FW .
FW FW FW FW FW FW FW FW FW FW FW FW FW FW FW FW FW FW FW FW FW FW FW FW FW FW FW FW FW FW FW FW .
UH .
UH .
FW FW FW FW FW FW FW .
FW FW FW FW FW FW FW FW FW FW FW FW .
FW FW FW .
NNP NNP .
FW FW IN NNP FW FW FW FW .
IN FW UH UH FW FW FW FW FW FW FW FW .
FW FW FW .
FW FW FW FW FW FW FW FW FW FW FW FW FW FW .
UH .
UH .
NNP .
NNP IN FW FW FW FW FW FW .
NNP .
FW FW .
UH .
NNP .
NNP NNP .
FW FW FW FW FW FW FW FW FW FW FW FW FW .
FW FW FW FW FW .
NNP FW FW FW FW FW FW FW FW FW FW FW FW FW FW FW FW FW .
FW FW FW .
FW FW FW FW FW FW FW FW FW FW FW FW FW FW .
UH .
NNP NNP .
FW FW FW FW FW FW FW FW FW .
UH .
UH .
FW FW FW .
FW FW NNP .
UH .
FW FW .
NNP .
FW FW FW .
FW FW FW .
FW FW FW FW FW FW FW FW FW FW FW FW FW FW FW FW FW .
UH .
FW FW IN FW FW NN .
FW FW FW FW FW .
FW FW FW .
FW FW FW FW FW FW FW FW FW FW FW .
UH .
NNP TO VB FW FW FW FW FW FW FW FW FW FW .
FW FW FW .
NNP UH NNP FW FW .
UH .
NNP UH UH FW FW FW IN FW FW NN .
FW FW FW IN FW FW FW FW FW .
NNP .
UH .
FW FW FW FW FW FW FW FW FW FW .
FW FW FW .
UH .
FW FW IN FW FW IN FW FW FW FW FW .
UH UH UH FW FW FW IN FW FW FW FW .
FW FW FW FW FW FW FW .
UH .
FW FW FW FW .
FW FW FW .
FW FW FW FW FW FW .
NNP FW FW FW FW .
FW FW FW FW FW FW .
FW FW FW FW .
FW FW FW FW FW FW FW FW FW NN .
FW FW FW FW FW .
UH .
FW FW FW FW FW FW FW .
UH .
FW FW FW .
UH .
FW FW FW FW FW FW FW FW FW FW FW FW .
FW FW FW .
UH .
NNP NNP UH UH FW FW .
UH .
FW FW FW FW FW IN NNP FW FW FW FW FW FW .
NNP NNP NNP NNP FW FW .
UH .
FW FW FW FW FW FW FW FW FW FW FW FW FW .
NNP .
NNP FW FW FW FW FW FW FW FW .
FW FW FW .
FW FW FW .
NNP .
UH .
FW FW FW FW FW .
UH .
FW FW FW FW FW FW FW FW FW FW FW FW .
FW FW FW FW FW FW FW FW FW FW FW FW FW FW FW .
FW FW FW .
.
FW FW UH UH .
UH .
FW FW FW FW UH NN FW FW .
UH .
NNP NNP .
FW FW FW FW FW FW FW IN NN NN IN FW FW FW FW FW FW FW FW FW FW FW FW FW FW FW .
UH .
FW FW FW .
NNP NNP NNP NNP IN FW FW NN .
NNP FW FW FW FW FW FW FW FW FW FW FW .
FW FW FW FW FW FW FW FW FW FW FW FW FW FW FW FW FW FW FW FW FW .
UH .
UH .
FW FW FW FW .
UH .
FW FW FW FW FW FW FW FW FW FW FW FW FW FW FW FW FW FW .
FW FW FW .
FW FW FW FW FW FW FW FW FW FW .
UH .
NNP FW FW FW FW FW FW FW FW FW FW .
UH .
IN NNP IN FW FW FW FW FW FW FW FW FW FW FW FW FW FW IN FW FW FW FW FW .
FW FW FW FW FW FW FW .
NNP FW FW FW FW FW FW FW FW .
FW FW FW FW FW FW FW FW FW FW FW FW NN .
FW FW FW FW FW FW NN .
NNP NNP .
UH .
FW FW FW FW FW FW FW FW FW FW FW FW NN .
UH .
FW FW FW FW FW FW FW .
FW FW FW .
FW FW .
FW FW FW .
FW FW FW FW FW IN NN IN FW .
FW FW FW FW FW FW FW FW FW FW FW .
NNP NNP IN FW FW IN FW FW FW UH IN FW FW FW FW FW .
FW FW FW FW FW .
FW FW UH UH .
FW FW FW NN .
FW FW FW FW FW FW FW NN .
FW FW .
UH .
.
NNP NNP .
UH .
FW FW FW FW FW FW FW FW FW FW FW FW FW FW FW FW FW FW FW FW FW FW FW NN .
UH .
FW FW FW FW FW FW FW FW FW .
FW FW FW .
FW FW FW FW FW FW FW FW FW FW FW FW FW IN NN NN .
FW FW FW FW FW .
FW FW FW .
FW FW FW FW FW FW .
NNP NNP NNP .
NNP FW FW FW .
NNP NNP NNP NNP .
NNP NNP NNP .
UH .
NNP NNP .
FW FW FW .
FW FW FW .
FW FW FW .
FW .
FW FW FW FW NN .
FW FW FW FW FW FW FW FW FW FW FW FW FW FW .
UH .
FW FW UH .
FW FW FW FW .
FW FW FW FW FW FW FW FW FW FW FW FW FW FW FW FW FW FW .
FW FW FW FW FW FW FW FW FW FW FW FW FW FW FW FW FW FW FW FW FW FW .
FW FW FW .
UH .
NNP NNP IN NNP FW FW FW FW FW FW FW FW FW .
UH FW FW FW FW FW FW FW FW IN NNP NNP IN FW FW FW .
UH .
NNP FW FW IN FW FW FW FW FW NN .
NNP FW FW FW FW FW FW FW FW .
FW FW FW FW FW FW FW .
FW FW FW .
FW FW FW UH UH FW IN .
NNP .
FW FW FW FW FW FW FW FW FW FW FW FW FW .
FW FW FW .
FW FW FW FW FW FW FW FW FW .
UH .
FW FW FW .
FW FW FW FW FW FW FW FW FW FW FW FW FW FW FW FW FW FW .
UH .
NNP NNP IN FW FW FW FW FW .
NNP FW FW FW FW FW FW FW FW .
FW FW FW FW FW FW FW IN FW FW FW FW FW FW .
UH .
NNP FW FW FW FW FW FW FW FW FW FW FW FW FW FW .
UH .
FW FW FW FW FW FW IN FW FW FW .
NNP NNP .
FW FW FW .
UH .
FW FW FW FW FW FW FW FW FW FW FW FW FW FW FW FW FW FW FW FW FW FW .
FW FW FW .
UH .
NNP NNP .
IN NNP FW FW FW IN NN NN FW FW FW FW FW FW FW FW FW FW FW FW FW FW FW FW FW FW FW FW FW FW FW FW FW FW FW FW FW FW FW FW FW FW FW FW FW FW FW FW FW FW FW .
FW FW FW .
FW FW FW FW .
FW FW FW .
NNP DT FW FW FW FW FW FW FW .
FW FW FW .
UH .
JJ NN IN FW FW FW FW .
NNP NNP NNP FW FW FW FW FW FW FW FW FW FW FW FW FW FW FW FW FW FW FW FW FW FW FW FW FW FW FW FW FW FW FW FW FW FW FW .
FW FW FW FW FW FW FW FW FW FW FW FW FW FW FW FW FW FW FW FW FW FW FW FW FW FW FW FW FW FW FW FW FW FW FW FW FW FW FW FW FW FW FW .
FW FW FW FW FW FW FW FW FW FW FW FW FW FW FW FW FW FW FW FW FW FW FW FW FW FW .
FW FW FW FW FW FW FW FW FW FW FW FW FW FW FW FW FW .
UH .
UH .
UH .
FW FW FW FW FW FW FW FW FW NN .
UH .
FW FW FW FW FW FW FW FW FW IN .
FW FW FW .
UH .
FW FW .
FW FW FW FW FW FW FW FW FW FW FW FW FW FW FW .
FW FW FW FW FW .
